<?xml version="1.0" encoding="UTF-8"?>
<testsuite name="de.pettypantry.PettypantryApplicationTests" tests="1" skipped="0" failures="0" errors="0" timestamp="2023-11-09T14:56:37" hostname="Sidars-MacBook-Air.local" time="1.03">
  <properties/>
  <testcase name="contextLoads()" classname="de.pettypantry.PettypantryApplicationTests" time="1.03"/>
  <system-out><![CDATA[15:56:28.951 [Test worker] INFO org.springframework.test.context.support.AnnotationConfigContextLoaderUtils -- Could not detect default configuration classes for test class [de.pettypantry.PettypantryApplicationTests]: PettypantryApplicationTests does not declare any static, non-private, non-final, nested classes annotated with @Configuration.
15:56:29.200 [Test worker] INFO org.springframework.boot.test.context.SpringBootTestContextBootstrapper -- Found @SpringBootConfiguration de.pettypantry.PettypantryApplication for test class de.pettypantry.PettypantryApplicationTests

  .   ____          _            __ _ _
 /\\ / ___'_ __ _ _(_)_ __  __ _ \ \ \ \
( ( )\___ | '_ | '_| | '_ \/ _` | \ \ \ \
 \\/  ___)| |_)| | | | | || (_| |  ) ) ) )
  '  |____| .__|_| |_|_| |_\__, | / / / /
 =========|_|==============|___/=/_/_/_/
 :: Spring Boot ::             (v3.2.0-M3)

2023-11-09T15:56:30.701+01:00  INFO 1499 --- [    Test worker] d.p.PettypantryApplicationTests          : Starting PettypantryApplicationTests using Java 21 with PID 1499 (started by sidall in /Users/sidall/Desktop/PettyPantry_BE)
2023-11-09T15:56:30.705+01:00  INFO 1499 --- [    Test worker] d.p.PettypantryApplicationTests          : No active profile set, falling back to 1 default profile: "default"
2023-11-09T15:56:32.161+01:00  INFO 1499 --- [    Test worker] .s.d.r.c.RepositoryConfigurationDelegate : Bootstrapping Spring Data JPA repositories in DEFAULT mode.
2023-11-09T15:56:32.251+01:00  INFO 1499 --- [    Test worker] .s.d.r.c.RepositoryConfigurationDelegate : Finished Spring Data repository scanning in 75 ms. Found 1 JPA repository interfaces.
2023-11-09T15:56:33.007+01:00  INFO 1499 --- [    Test worker] com.zaxxer.hikari.HikariDataSource       : HikariPool-1 - Starting...
2023-11-09T15:56:33.296+01:00  INFO 1499 --- [    Test worker] com.zaxxer.hikari.pool.HikariPool        : HikariPool-1 - Added connection conn0: url=jdbc:h2:mem:371f357a-0968-41c2-ba80-23812d71fa00 user=SA
2023-11-09T15:56:33.299+01:00  INFO 1499 --- [    Test worker] com.zaxxer.hikari.HikariDataSource       : HikariPool-1 - Start completed.
2023-11-09T15:56:33.394+01:00  INFO 1499 --- [    Test worker] o.hibernate.jpa.internal.util.LogHelper  : HHH000204: Processing PersistenceUnitInfo [name: default]
2023-11-09T15:56:33.571+01:00  INFO 1499 --- [    Test worker] org.hibernate.Version                    : HHH000412: Hibernate ORM core version 6.3.1.Final
2023-11-09T15:56:33.662+01:00  INFO 1499 --- [    Test worker] o.h.c.internal.RegionFactoryInitiator    : HHH000026: Second-level cache disabled
2023-11-09T15:56:34.225+01:00  INFO 1499 --- [    Test worker] o.s.o.j.p.SpringPersistenceUnitInfo      : No LoadTimeWeaver setup: ignoring JPA class transformer
2023-11-09T15:56:35.756+01:00  INFO 1499 --- [    Test worker] o.h.e.t.j.p.i.JtaPlatformInitiator       : HHH000489: No JTA platform available (set 'hibernate.transaction.jta.platform' to enable JTA platform integration)
2023-11-09T15:56:35.802+01:00  INFO 1499 --- [    Test worker] j.LocalContainerEntityManagerFactoryBean : Initialized JPA EntityManagerFactory for persistence unit 'default'
2023-11-09T15:56:36.585+01:00  WARN 1499 --- [    Test worker] JpaBaseConfiguration$JpaWebConfiguration : spring.jpa.open-in-view is enabled by default. Therefore, database queries may be performed during view rendering. Explicitly configure spring.jpa.open-in-view to disable this warning
2023-11-09T15:56:37.238+01:00  INFO 1499 --- [    Test worker] d.p.PettypantryApplicationTests          : Started PettypantryApplicationTests in 7.494 seconds (process running for 10.078)
]]></system-out>
  <system-err><![CDATA[WARNING: A Java agent has been loaded dynamically (/Users/sidall/.gradle/caches/modules-2/files-2.1/net.bytebuddy/byte-buddy-agent/1.14.8/ae6ebe485f3bcd0a1e20241488a32e6400a501ef/byte-buddy-agent-1.14.8.jar)
WARNING: If a serviceability tool is in use, please run with -XX:+EnableDynamicAgentLoading to hide this warning
WARNING: If a serviceability tool is not in use, please run with -Djdk.instrument.traceUsage for more information
WARNING: Dynamic loading of agents will be disallowed by default in a future release
]]></system-err>
</testsuite>
